files
--------------------P_CNLD0030_AEnPrdO2Batch_20260306170717_17024.log  -----------
--------------------P_CNLD0030_AEnPrdO2Batch_20260306170717_17116.log  -----------
--------------------P_CNLD0030_AEnPrdO2Batch_20260311145149_20626.log  -----------
--------------------P_CNLD0030_AEnPrdO2Batch_20260311145149_20750.log  -----------
--------------------P_CPEJ2200_AEnPrdO2Batch_20260216215124_7233.log  -----------
--------------------P_CPEJ2200_AEnPrdO2Batch_20260217233728_32413.log  -----------
--------------------P_CPEJ2200_AEnPrdO2Batch_20260218213836_13632.log  -----------
--------------------P_CPEJ2200_AEnPrdO2Batch_20260219213640_25407.log  -----------
--------------------P_CPEJ2200_AEnPrdO2Batch_20260221194136_31233.log  -----------
--------------------P_CPEJ2200_AEnPrdO2Batch_20260223214346_19553.log  -----------
--------------------P_CPEJ2200_AEnPrdO2Batch_20260224213924_783.log  -----------
--------------------P_CPEJ2200_AEnPrdO2Batch_20260225215007_8974.log  -----------
--------------------P_CPEJ2200_AEnPrdO2Batch_20260226214205_15470.log  -----------
--------------------P_CPEJ2200_AEnPrdO2Batch_20260228203814_12650.log  -----------
--------------------P_CPEJ2200_AEnPrdO2Batch_20260302214138_15100.log  -----------
--------------------P_CPEJ2200_AEnPrdO2Batch_20260303220721_6181.log  -----------
--------------------P_CPEJ2200_AEnPrdO2Batch_20260304214449_29654.log  -----------
--------------------P_CPEJ2200_AEnPrdO2Batch_20260305214125_13300.log  -----------
--------------------P_CPEJ2200_AEnPrdO2Batch_20260306213930_24534.log  -----------
--------------------P_CPEJ2200_AEnPrdO2Batch_20260307193756_3119.log  -----------
--------------------P_CPEJ2200_AEnPrdO2Batch_20260309213621_23124.log  -----------
--------------------P_CPEJ2200_AEnPrdO2Batch_20260310220845_12479.log  -----------
--------------------P_CPEJ2200_AEnPrdO2Batch_20260311213115_26676.log  -----------
--------------------P_CPEJ2200_AEnPrdO2Batch_20260312213401_10679.log  -----------
--------------------P_CPEJ2200_AEnPrdO2Batch_20260314193730_28989.log  -----------
--------------------P_CPEJ2200_AEnPrdO2Batch_20260316215026_30085.log  -----------
--------------------P_CPEJ4000_AEnPrdO2Batch_20260216215130_8061.log  -----------
--------------------P_CPEJ4000_AEnPrdO2Batch_20260217233734_3011.log  -----------
--------------------P_CPEJ4000_AEnPrdO2Batch_20260218213842_14436.log  -----------
--------------------P_CPEJ4000_AEnPrdO2Batch_20260219213646_26995.log  -----------
--------------------P_CPEJ4000_AEnPrdO2Batch_20260221194142_31993.log  -----------
--------------------P_CPEJ4000_AEnPrdO2Batch_20260223214352_20352.log  -----------
--------------------P_CPEJ4000_AEnPrdO2Batch_20260224213936_8015.log  -----------
--------------------P_CPEJ4000_AEnPrdO2Batch_20260225215013_9774.log  -----------
--------------------P_CPEJ4000_AEnPrdO2Batch_20260226214211_16258.log  -----------
--------------------P_CPEJ4000_AEnPrdO2Batch_20260228203859_13517.log  -----------
--------------------P_CPEJ4000_AEnPrdO2Batch_20260302214144_15793.log  -----------
--------------------P_CPEJ4000_AEnPrdO2Batch_20260303220727_7047.log  -----------
--------------------P_CPEJ4000_AEnPrdO2Batch_20260304214455_30507.log  -----------
--------------------P_CPEJ4000_AEnPrdO2Batch_20260305214131_14082.log  -----------
--------------------P_CPEJ4000_AEnPrdO2Batch_20260306213936_25285.log  -----------
--------------------P_CPEJ4000_AEnPrdO2Batch_20260307193802_3986.log  -----------
--------------------P_CPEJ4000_AEnPrdO2Batch_20260309213627_23809.log  -----------
--------------------P_CPEJ4000_AEnPrdO2Batch_20260310220858_18558.log  -----------
--------------------P_CPEJ4000_AEnPrdO2Batch_20260311213121_27438.log  -----------
--------------------P_CPEJ4000_AEnPrdO2Batch_20260312213407_11477.log  -----------
--------------------P_CPEJ4000_AEnPrdO2Batch_20260314193736_32115.log  -----------
--------------------P_CPEJ4000_AEnPrdO2Batch_20260316215032_30832.log  -----------
--------------------P_CPEJ4010_AEnPrdO2Batch_20260221200712_20428.log  -----------
--------------------P_CPEJ4010_AEnPrdO2Batch_20260228211520_29308.log  -----------
--------------------P_CPEJ4010_AEnPrdO2Batch_20260307200059_23811.log  -----------
--------------------P_CPEJ4010_AEnPrdO2Batch_20260314201056_26080.log  -----------
--------------------P_CPEJ4020_AEnPrdO2Batch_20260216215124_7318.log  -----------
--------------------P_CPEJ4020_AEnPrdO2Batch_20260217233728_32509.log  -----------
--------------------P_CPEJ4020_AEnPrdO2Batch_20260218213836_13739.log  -----------
--------------------P_CPEJ4020_AEnPrdO2Batch_20260219213640_25493.log  -----------
--------------------P_CPEJ4020_AEnPrdO2Batch_20260221194136_31150.log  -----------
--------------------P_CPEJ4020_AEnPrdO2Batch_20260223214346_19667.log  -----------
--------------------P_CPEJ4020_AEnPrdO2Batch_20260224213925_1031.log  -----------
--------------------P_CPEJ4020_AEnPrdO2Batch_20260225215007_9049.log  -----------
--------------------P_CPEJ4020_AEnPrdO2Batch_20260226214206_15553.log  -----------
--------------------P_CPEJ4020_AEnPrdO2Batch_20260228203814_12731.log  -----------
--------------------P_CPEJ4020_AEnPrdO2Batch_20260303220721_6280.log  -----------
--------------------P_CPEJ4020_AEnPrdO2Batch_20260304214449_29740.log  -----------
--------------------P_CPEJ4020_AEnPrdO2Batch_20260305214125_13382.log  -----------
--------------------P_CPEJ4020_AEnPrdO2Batch_20260306213930_24598.log  -----------
--------------------P_CPEJ4020_AEnPrdO2Batch_20260307193756_3231.log  -----------
--------------------P_CPEJ4020_AEnPrdO2Batch_20260310220845_12524.log  -----------
--------------------P_CPEJ4020_AEnPrdO2Batch_20260311213115_26759.log  -----------
--------------------P_CPEJ4020_AEnPrdO2Batch_20260312213401_10788.log  -----------
--------------------P_CPEJ4020_AEnPrdO2Batch_20260314193730_29094.log  -----------
--------------------P_CPEJ4020_AEnPrdO2Batch_20260316215027_30149.log  -----------
--------------------P_CPEJ4040_AEnPrdO2Batch_20260221200923_15362.log  -----------
--------------------P_CPEJ4040_AEnPrdO2Batch_20260228211559_5553.log  -----------
--------------------P_CPEJ4040_AEnPrdO2Batch_20260307200148_4625.log  -----------
--------------------P_CPEJ4040_AEnPrdO2Batch_20260314201221_30842.log  -----------
--------------------P_CPTH0110_AEnPrdO2Batch_20260221200712_19671.log  -----------
--------------------P_CPTH0110_AEnPrdO2Batch_20260228211520_28877.log  -----------
--------------------P_CPTH0110_AEnPrdO2Batch_20260307200059_23491.log  -----------
--------------------P_CPTH0110_AEnPrdO2Batch_20260314201056_25556.log  -----------
--------------------P_CPTJ0310_AEnPrdO2Batch_20260216211846_3878.log  -----------
--------------------P_CPTJ0310_AEnPrdO2Batch_20260217230224_5513.log  -----------
--------------------P_CPTJ0310_AEnPrdO2Batch_20260218211111_15840.log  -----------
--------------------P_CPTJ0310_AEnPrdO2Batch_20260219211013_17784.log  -----------
--------------------P_CPTJ0310_AEnPrdO2Batch_20260221191213_1776.log  -----------
--------------------P_CPTJ0310_AEnPrdO2Batch_20260223211356_2597.log  -----------
--------------------P_CPTJ0310_AEnPrdO2Batch_20260224211231_31669.log  -----------
--------------------P_CPTJ0310_AEnPrdO2Batch_20260225211429_21907.log  -----------
--------------------P_CPTJ0310_AEnPrdO2Batch_20260226211448_17027.log  -----------
--------------------P_CPTJ0310_AEnPrdO2Batch_20260228191717_10875.log  -----------
--------------------P_CPTJ0310_AEnPrdO2Batch_20260302211328_25779.log  -----------
--------------------P_CPTJ0310_AEnPrdO2Batch_20260303212423_25193.log  -----------
--------------------P_CPTJ0310_AEnPrdO2Batch_20260304211044_29581.log  -----------
--------------------P_CPTJ0310_AEnPrdO2Batch_20260305211009_12235.log  -----------
--------------------P_CPTJ0310_AEnPrdO2Batch_20260306211318_17109.log  -----------
--------------------P_CPTJ0310_AEnPrdO2Batch_20260307191116_8577.log  -----------
--------------------P_CPTJ0310_AEnPrdO2Batch_20260309211134_29747.log  -----------
--------------------P_CPTJ0310_AEnPrdO2Batch_20260310214150_19368.log  -----------
--------------------P_CPTJ0310_AEnPrdO2Batch_20260311210914_12869.log  -----------
--------------------P_CPTJ0310_AEnPrdO2Batch_20260312210919_22434.log  -----------
--------------------P_CPTJ0310_AEnPrdO2Batch_20260314190948_22824.log  -----------
--------------------P_CPTJ0310_AEnPrdO2Batch_20260316212357_12336.log  -----------
--------------------P_CPTJ0320_AEnPrdO2Batch_20260216212033_23508.log  -----------
--------------------P_CPTJ0320_AEnPrdO2Batch_20260217230400_27741.log  -----------
--------------------P_CPTJ0320_AEnPrdO2Batch_20260218211244_6087.log  -----------
--------------------P_CPTJ0320_AEnPrdO2Batch_20260219211146_7914.log  -----------
--------------------P_CPTJ0320_AEnPrdO2Batch_20260221191346_24105.log  -----------
--------------------P_CPTJ0320_AEnPrdO2Batch_20260223211527_25351.log  -----------
--------------------P_CPTJ0320_AEnPrdO2Batch_20260224211402_21134.log  -----------
--------------------P_CPTJ0320_AEnPrdO2Batch_20260225211602_12364.log  -----------
--------------------P_CPTJ0320_AEnPrdO2Batch_20260226211621_7306.log  -----------
--------------------P_CPTJ0320_AEnPrdO2Batch_20260228191854_1070.log  -----------
--------------------P_CPTJ0320_AEnPrdO2Batch_20260302211526_15953.log  -----------
--------------------P_CPTJ0320_AEnPrdO2Batch_20260303212914_15968.log  -----------
--------------------P_CPTJ0320_AEnPrdO2Batch_20260304211218_19759.log  -----------
--------------------P_CPTJ0320_AEnPrdO2Batch_20260305211142_1019.log  -----------
--------------------P_CPTJ0320_AEnPrdO2Batch_20260306211450_5434.log  -----------
--------------------P_CPTJ0320_AEnPrdO2Batch_20260307191249_30021.log  -----------
--------------------P_CPTJ0320_AEnPrdO2Batch_20260309211311_20604.log  -----------
--------------------P_CPTJ0320_AEnPrdO2Batch_20260310214441_9318.log  -----------
--------------------P_CPTJ0320_AEnPrdO2Batch_20260311211051_10119.log  -----------
--------------------P_CPTJ0320_AEnPrdO2Batch_20260312211052_14450.log  -----------
--------------------P_CPTJ0320_AEnPrdO2Batch_20260314191121_15479.log  -----------
--------------------P_CPTJ0320_AEnPrdO2Batch_20260316212532_2409.log  -----------
--------------------P_CPTJ0620_AEnPrdO2Batch_20260216212033_23500.log  -----------
--------------------P_CPTJ0620_AEnPrdO2Batch_20260217230400_27639.log  -----------
--------------------P_CPTJ0620_AEnPrdO2Batch_20260218211244_6008.log  -----------
--------------------P_CPTJ0620_AEnPrdO2Batch_20260219211146_7813.log  -----------
--------------------P_CPTJ0620_AEnPrdO2Batch_20260221191346_24041.log  -----------
--------------------P_CPTJ0620_AEnPrdO2Batch_20260223211527_25267.log  -----------
--------------------P_CPTJ0620_AEnPrdO2Batch_20260224211402_21059.log  -----------
--------------------P_CPTJ0620_AEnPrdO2Batch_20260225211602_12277.log  -----------
--------------------P_CPTJ0620_AEnPrdO2Batch_20260226211621_7215.log  -----------
--------------------P_CPTJ0620_AEnPrdO2Batch_20260228191854_958.log  -----------
--------------------P_CPTJ0620_AEnPrdO2Batch_20260302211525_15871.log  -----------
--------------------P_CPTJ0620_AEnPrdO2Batch_20260303212914_15859.log  -----------
--------------------P_CPTJ0620_AEnPrdO2Batch_20260304211217_19665.log  -----------
--------------------P_CPTJ0620_AEnPrdO2Batch_20260305211142_934.log  -----------
--------------------P_CPTJ0620_AEnPrdO2Batch_20260306211449_5358.log  -----------
--------------------P_CPTJ0620_AEnPrdO2Batch_20260307191249_29863.log  -----------
--------------------P_CPTJ0620_AEnPrdO2Batch_20260309211311_20455.log  -----------
--------------------P_CPTJ0620_AEnPrdO2Batch_20260310214441_9300.log  -----------
--------------------P_CPTJ0620_AEnPrdO2Batch_20260311211051_10002.log  -----------
--------------------P_CPTJ0620_AEnPrdO2Batch_20260312211052_14432.log  -----------
--------------------P_CPTJ0620_AEnPrdO2Batch_20260314191121_15382.log  -----------
--------------------P_CPTJ0620_AEnPrdO2Batch_20260316212532_2312.log  -----------
--------------------P_CPTJ0630_AEnPrdO2Batch_20260216212215_18917.log  -----------
--------------------P_CPTJ0630_AEnPrdO2Batch_20260217230547_22603.log  -----------
--------------------P_CPTJ0630_AEnPrdO2Batch_20260218211442_3372.log  -----------
--------------------P_CPTJ0630_AEnPrdO2Batch_20260219211314_28618.log  -----------
--------------------P_CPTJ0630_AEnPrdO2Batch_20260221191515_13174.log  -----------
--------------------P_CPTJ0630_AEnPrdO2Batch_20260223211711_15715.log  -----------
--------------------P_CPTJ0630_AEnPrdO2Batch_20260224211548_12665.log  -----------
--------------------P_CPTJ0630_AEnPrdO2Batch_20260225211748_2815.log  -----------
--------------------P_CPTJ0630_AEnPrdO2Batch_20260226211807_30246.log  -----------
--------------------P_CPTJ0630_AEnPrdO2Batch_20260228192024_22765.log  -----------
--------------------P_CPTJ0630_AEnPrdO2Batch_20260302211657_4018.log  -----------
--------------------P_CPTJ0630_AEnPrdO2Batch_20260303213102_7491.log  -----------
--------------------P_CPTJ0630_AEnPrdO2Batch_20260304211351_9137.log  -----------
--------------------P_CPTJ0630_AEnPrdO2Batch_20260305211310_21657.log  -----------
--------------------P_CPTJ0630_AEnPrdO2Batch_20260306211633_30963.log  -----------
--------------------P_CPTJ0630_AEnPrdO2Batch_20260307191421_18629.log  -----------
--------------------P_CPTJ0630_AEnPrdO2Batch_20260309211506_22807.log  -----------
--------------------P_CPTJ0630_AEnPrdO2Batch_20260310214737_24418.log  -----------
--------------------P_CPTJ0630_AEnPrdO2Batch_20260311211241_3656.log  -----------
--------------------P_CPTJ0630_AEnPrdO2Batch_20260312211242_10584.log  -----------
--------------------P_CPTJ0630_AEnPrdO2Batch_20260314191257_4967.log  -----------
--------------------P_CPTJ0630_AEnPrdO2Batch_20260316212720_25860.log  -----------
--------------------P_CPTJ1110_AEnPrdO2Batch_20260216215102_5958.log  -----------
--------------------P_CPTJ1110_AEnPrdO2Batch_20260217233706_20599.log  -----------
--------------------P_CPTJ1110_AEnPrdO2Batch_20260218213814_11823.log  -----------
--------------------P_CPTJ1110_AEnPrdO2Batch_20260219213618_22121.log  -----------
--------------------P_CPTJ1110_AEnPrdO2Batch_20260221194054_28208.log  -----------
--------------------P_CPTJ1110_AEnPrdO2Batch_20260223214322_18463.log  -----------
--------------------P_CPTJ1110_AEnPrdO2Batch_20260224213853_8603.log  -----------
--------------------P_CPTJ1110_AEnPrdO2Batch_20260225214923_6277.log  -----------
--------------------P_CPTJ1110_AEnPrdO2Batch_20260226214147_14420.log  -----------
--------------------P_CPTJ1110_AEnPrdO2Batch_20260228203732_10379.log  -----------
--------------------P_CPTJ1110_AEnPrdO2Batch_20260302214114_13335.log  -----------
--------------------P_CPTJ1110_AEnPrdO2Batch_20260303220655_3874.log  -----------
--------------------P_CPTJ1110_AEnPrdO2Batch_20260304214401_25625.log  -----------
--------------------P_CPTJ1110_AEnPrdO2Batch_20260305214055_10603.log  -----------
--------------------P_CPTJ1110_AEnPrdO2Batch_20260306213904_21678.log  -----------
--------------------P_CPTJ1110_AEnPrdO2Batch_20260307193742_2562.log  -----------
--------------------P_CPTJ1110_AEnPrdO2Batch_20260309213607_22592.log  -----------
--------------------P_CPTJ1110_AEnPrdO2Batch_20260310220831_11574.log  -----------
--------------------P_CPTJ1110_AEnPrdO2Batch_20260311213101_26030.log  -----------
--------------------P_CPTJ1110_AEnPrdO2Batch_20260312213347_10173.log  -----------
--------------------P_CPTJ1110_AEnPrdO2Batch_20260314193714_21364.log  -----------
--------------------P_CPTJ1110_AEnPrdO2Batch_20260316215010_29045.log  -----------
--------------------P_CPTJ1410_AEnPrdO2Batch_20260216215136_8739.log  -----------
--------------------P_CPTJ1410_AEnPrdO2Batch_20260217233740_6011.log  -----------
--------------------P_CPTJ1410_AEnPrdO2Batch_20260218213848_15139.log  -----------
--------------------P_CPTJ1410_AEnPrdO2Batch_20260219213653_27912.log  -----------
--------------------P_CPTJ1410_AEnPrdO2Batch_20260221194149_32675.log  -----------
--------------------P_CPTJ1410_AEnPrdO2Batch_20260223214358_21031.log  -----------
--------------------P_CPTJ1410_AEnPrdO2Batch_20260224213943_12099.log  -----------
--------------------P_CPTJ1410_AEnPrdO2Batch_20260225215019_10496.log  -----------
--------------------P_CPTJ1410_AEnPrdO2Batch_20260226214218_17027.log  -----------
--------------------P_CPTJ1410_AEnPrdO2Batch_20260228203917_14408.log  -----------
--------------------P_CPTJ1410_AEnPrdO2Batch_20260302214150_16469.log  -----------
--------------------P_CPTJ1410_AEnPrdO2Batch_20260303220733_7777.log  -----------
--------------------P_CPTJ1410_AEnPrdO2Batch_20260304214502_31840.log  -----------
--------------------P_CPTJ1410_AEnPrdO2Batch_20260305214137_14767.log  -----------
--------------------P_CPTJ1410_AEnPrdO2Batch_20260306213942_25991.log  -----------
--------------------P_CPTJ1410_AEnPrdO2Batch_20260307193808_4752.log  -----------
--------------------P_CPTJ1410_AEnPrdO2Batch_20260309213633_24498.log  -----------
--------------------P_CPTJ1410_AEnPrdO2Batch_20260310220908_22728.log  -----------
--------------------P_CPTJ1410_AEnPrdO2Batch_20260311213128_28417.log  -----------
--------------------P_CPTJ1410_AEnPrdO2Batch_20260312213413_12167.log  -----------
--------------------P_CPTJ1410_AEnPrdO2Batch_20260314193742_1660.log  -----------
--------------------P_CPTJ1410_AEnPrdO2Batch_20260316215039_31528.log  -----------
--------------------P_CPTJ1420_AEnPrdO2Batch_20260216215136_8562.log  -----------
--------------------P_CPTJ1420_AEnPrdO2Batch_20260217233740_5857.log  -----------
--------------------P_CPTJ1420_AEnPrdO2Batch_20260218213848_14968.log  -----------
--------------------P_CPTJ1420_AEnPrdO2Batch_20260219213653_27866.log  -----------
--------------------P_CPTJ1420_AEnPrdO2Batch_20260221194149_32614.log  -----------
--------------------P_CPTJ1420_AEnPrdO2Batch_20260223214358_20886.log  -----------
--------------------P_CPTJ1420_AEnPrdO2Batch_20260224213943_11926.log  -----------
--------------------P_CPTJ1420_AEnPrdO2Batch_20260225215019_10310.log  -----------
--------------------P_CPTJ1420_AEnPrdO2Batch_20260226214218_16846.log  -----------
--------------------P_CPTJ1420_AEnPrdO2Batch_20260228203917_14245.log  -----------
--------------------P_CPTJ1420_AEnPrdO2Batch_20260302214150_16299.log  -----------
--------------------P_CPTJ1420_AEnPrdO2Batch_20260303220733_7617.log  -----------
--------------------P_CPTJ1420_AEnPrdO2Batch_20260304214501_31668.log  -----------
--------------------P_CPTJ1420_AEnPrdO2Batch_20260305214137_14604.log  -----------
--------------------P_CPTJ1420_AEnPrdO2Batch_20260306213942_25807.log  -----------
--------------------P_CPTJ1420_AEnPrdO2Batch_20260307193808_4544.log  -----------
--------------------P_CPTJ1420_AEnPrdO2Batch_20260309213633_24325.log  -----------
--------------------P_CPTJ1420_AEnPrdO2Batch_20260310220908_22608.log  -----------
--------------------P_CPTJ1420_AEnPrdO2Batch_20260311213127_28197.log  -----------
--------------------P_CPTJ1420_AEnPrdO2Batch_20260312213413_11981.log  -----------
--------------------P_CPTJ1420_AEnPrdO2Batch_20260314193742_1505.log  -----------
--------------------P_CPTJ1420_AEnPrdO2Batch_20260316215039_31373.log  -----------
--------------------P_CPTJ1430_AEnPrdO2Batch_20260216215552_9647.log  -----------
--------------------P_CPTJ1430_AEnPrdO2Batch_20260217234140_13236.log  -----------
--------------------P_CPTJ1430_AEnPrdO2Batch_20260218214228_2397.log  -----------
--------------------P_CPTJ1430_AEnPrdO2Batch_20260219214101_30623.log  -----------
--------------------P_CPTJ1430_AEnPrdO2Batch_20260221194602_25821.log  -----------
--------------------P_CPTJ1430_AEnPrdO2Batch_20260223214808_27337.log  -----------
--------------------P_CPTJ1430_AEnPrdO2Batch_20260224214403_30056.log  -----------
--------------------P_CPTJ1430_AEnPrdO2Batch_20260225215411_30453.log  -----------
--------------------P_CPTJ1430_AEnPrdO2Batch_20260226214732_14880.log  -----------
--------------------P_CPTJ1430_AEnPrdO2Batch_20260228204439_1797.log  -----------
--------------------P_CPTJ1430_AEnPrdO2Batch_20260302214446_19821.log  -----------
--------------------P_CPTJ1430_AEnPrdO2Batch_20260303221027_16743.log  -----------
--------------------P_CPTJ1430_AEnPrdO2Batch_20260304214951_18784.log  -----------
--------------------P_CPTJ1430_AEnPrdO2Batch_20260305214431_17628.log  -----------
--------------------P_CPTJ1430_AEnPrdO2Batch_20260306214237_28613.log  -----------
--------------------P_CPTJ1430_AEnPrdO2Batch_20260307194108_7667.log  -----------
--------------------P_CPTJ1430_AEnPrdO2Batch_20260309213939_27476.log  -----------
--------------------P_CPTJ1430_AEnPrdO2Batch_20260310221432_24771.log  -----------
--------------------P_CPTJ1430_AEnPrdO2Batch_20260311213521_17515.log  -----------
--------------------P_CPTJ1430_AEnPrdO2Batch_20260312213807_32437.log  -----------
--------------------P_CPTJ1430_AEnPrdO2Batch_20260314194214_7952.log  -----------
--------------------P_CPTJ1430_AEnPrdO2Batch_20260316215431_17726.log  -----------
--------------------P_CPTJ1450_AEnPrdO2Batch_20260216215136_8319.log  -----------
--------------------P_CPTJ1450_AEnPrdO2Batch_20260217233740_5506.log  -----------
--------------------P_CPTJ1450_AEnPrdO2Batch_20260218213848_14690.log  -----------
--------------------P_CPTJ1450_AEnPrdO2Batch_20260219213653_27774.log  -----------
--------------------P_CPTJ1450_AEnPrdO2Batch_20260221194148_32324.log  -----------
--------------------P_CPTJ1450_AEnPrdO2Batch_20260223214358_20614.log  -----------
--------------------P_CPTJ1450_AEnPrdO2Batch_20260224213942_11678.log  -----------
--------------------P_CPTJ1450_AEnPrdO2Batch_20260225215019_10158.log  -----------
--------------------P_CPTJ1450_AEnPrdO2Batch_20260226214218_16589.log  -----------
--------------------P_CPTJ1450_AEnPrdO2Batch_20260228203916_13971.log  -----------
--------------------P_CPTJ1450_AEnPrdO2Batch_20260302214150_16055.log  -----------
--------------------P_CPTJ1450_AEnPrdO2Batch_20260303220733_7313.log  -----------
--------------------P_CPTJ1450_AEnPrdO2Batch_20260304214501_31403.log  -----------
--------------------P_CPTJ1450_AEnPrdO2Batch_20260305214137_14325.log  -----------
--------------------P_CPTJ1450_AEnPrdO2Batch_20260306213942_25526.log  -----------
--------------------P_CPTJ1450_AEnPrdO2Batch_20260307193808_4253.log  -----------
--------------------P_CPTJ1450_AEnPrdO2Batch_20260309213633_24062.log  -----------
--------------------P_CPTJ1450_AEnPrdO2Batch_20260310220908_22441.log  -----------
--------------------P_CPTJ1450_AEnPrdO2Batch_20260311213127_27853.log  -----------
--------------------P_CPTJ1450_AEnPrdO2Batch_20260312213413_11742.log  -----------
--------------------P_CPTJ1450_AEnPrdO2Batch_20260314193742_1203.log  -----------
--------------------P_CPTJ1450_AEnPrdO2Batch_20260316215038_31092.log  -----------
--------------------P_CPTJ1460_AEnPrdO2Batch_20260216221939_20062.log  -----------
--------------------P_CPTJ1460_AEnPrdO2Batch_20260218010205_15538.log  -----------
--------------------P_CPTJ1460_AEnPrdO2Batch_20260218220307_14172.log  -----------
--------------------P_CPTJ1460_AEnPrdO2Batch_20260219215449_28099.log  -----------
--------------------P_CPTJ1460_AEnPrdO2Batch_20260221200344_25113.log  -----------
--------------------P_CPTJ1460_AEnPrdO2Batch_20260223221347_16509.log  -----------
--------------------P_CPTJ1460_AEnPrdO2Batch_20260224220020_28745.log  -----------
--------------------P_CPTJ1460_AEnPrdO2Batch_20260225221447_15364.log  -----------
--------------------P_CPTJ1460_AEnPrdO2Batch_20260226220417_21649.log  -----------
--------------------P_CPTJ1460_AEnPrdO2Batch_20260228211126_28396.log  -----------
--------------------P_CPTJ1460_AEnPrdO2Batch_20260302215730_22220.log  -----------
--------------------P_CPTJ1460_AEnPrdO2Batch_20260303222741_19404.log  -----------
--------------------P_CPTJ1460_AEnPrdO2Batch_20260304220950_11067.log  -----------
--------------------P_CPTJ1460_AEnPrdO2Batch_20260305215949_1334.log  -----------
--------------------P_CPTJ1460_AEnPrdO2Batch_20260306215801_16103.log  -----------
--------------------P_CPTJ1460_AEnPrdO2Batch_20260307195921_20968.log  -----------
--------------------P_CPTJ1460_AEnPrdO2Batch_20260309215156_14372.log  -----------
--------------------P_CPTJ1460_AEnPrdO2Batch_20260310223958_20341.log  -----------
--------------------P_CPTJ1460_AEnPrdO2Batch_20260311215101_30967.log  -----------
--------------------P_CPTJ1460_AEnPrdO2Batch_20260312215158_9197.log  -----------
--------------------P_CPTJ1460_AEnPrdO2Batch_20260314200620_9268.log  -----------
--------------------P_CPTJ1460_AEnPrdO2Batch_20260316220921_21086.log  -----------
--------------------P_CPTJ1470_AEnPrdO2Batch_20260216215136_8436.log  -----------
--------------------P_CPTJ1470_AEnPrdO2Batch_20260217233740_5637.log  -----------
--------------------P_CPTJ1470_AEnPrdO2Batch_20260218213848_14809.log  -----------
--------------------P_CPTJ1470_AEnPrdO2Batch_20260219213653_27810.log  -----------
--------------------P_CPTJ1470_AEnPrdO2Batch_20260221194148_32429.log  -----------
--------------------P_CPTJ1470_AEnPrdO2Batch_20260223214358_20728.log  -----------
--------------------P_CPTJ1470_AEnPrdO2Batch_20260224213942_11809.log  -----------
--------------------P_CPTJ1470_AEnPrdO2Batch_20260225215019_10145.log  -----------
--------------------P_CPTJ1470_AEnPrdO2Batch_20260226214218_16839.log  -----------
--------------------P_CPTJ1470_AEnPrdO2Batch_20260228203917_14091.log  -----------
--------------------P_CPTJ1470_AEnPrdO2Batch_20260302214150_16180.log  -----------
--------------------P_CPTJ1470_AEnPrdO2Batch_20260303220733_7444.log  -----------
--------------------P_CPTJ1470_AEnPrdO2Batch_20260304214501_31513.log  -----------
--------------------P_CPTJ1470_AEnPrdO2Batch_20260305214137_14435.log  -----------
--------------------P_CPTJ1470_AEnPrdO2Batch_20260306213942_25626.log  -----------
--------------------P_CPTJ1470_AEnPrdO2Batch_20260307193808_4386.log  -----------
--------------------P_CPTJ1470_AEnPrdO2Batch_20260309213633_24157.log  -----------
--------------------P_CPTJ1470_AEnPrdO2Batch_20260310220908_22609.log  -----------
--------------------P_CPTJ1470_AEnPrdO2Batch_20260311213127_28033.log  -----------
--------------------P_CPTJ1470_AEnPrdO2Batch_20260312213413_11828.log  -----------
--------------------P_CPTJ1470_AEnPrdO2Batch_20260314193742_1342.log  -----------
--------------------P_CPTJ1470_AEnPrdO2Batch_20260316215038_31218.log  -----------
--------------------P_CPTJ1510_AEnPrdO2Batch_20260216222312_13983.log  -----------
--------------------P_CPTJ1510_AEnPrdO2Batch_20260218010540_23705.log  -----------
--------------------P_CPTJ1510_AEnPrdO2Batch_20260218220839_24539.log  -----------
--------------------P_CPTJ1510_AEnPrdO2Batch_20260219215810_13020.log  -----------
--------------------P_CPTJ1510_AEnPrdO2Batch_20260221200708_17473.log  -----------
--------------------P_CPTJ1510_AEnPrdO2Batch_20260223221959_12911.log  -----------
--------------------P_CPTJ1510_AEnPrdO2Batch_20260224220354_7922.log  -----------
--------------------P_CPTJ1510_AEnPrdO2Batch_20260225221840_11564.log  -----------
--------------------P_CPTJ1510_AEnPrdO2Batch_20260226220739_12676.log  -----------
--------------------P_CPTJ1510_AEnPrdO2Batch_20260228211513_25636.log  -----------
--------------------P_CPTJ1510_AEnPrdO2Batch_20260302215900_1685.log  -----------
--------------------P_CPTJ1510_AEnPrdO2Batch_20260303222859_32266.log  -----------
--------------------P_CPTJ1510_AEnPrdO2Batch_20260304221113_29460.log  -----------
--------------------P_CPTJ1510_AEnPrdO2Batch_20260305220111_22919.log  -----------
--------------------P_CPTJ1510_AEnPrdO2Batch_20260306220039_917.log  -----------
--------------------P_CPTJ1510_AEnPrdO2Batch_20260307200054_20434.log  -----------
--------------------P_CPTJ1510_AEnPrdO2Batch_20260309215615_23128.log  -----------
--------------------P_CPTJ1510_AEnPrdO2Batch_20260310224810_891.log  -----------
--------------------P_CPTJ1510_AEnPrdO2Batch_20260311215446_11707.log  -----------
--------------------P_CPTJ1510_AEnPrdO2Batch_20260312215550_16469.log  -----------
--------------------P_CPTJ1510_AEnPrdO2Batch_20260314201049_20932.log  -----------
--------------------P_CPTJ1510_AEnPrdO2Batch_20260316221253_29207.log  -----------
--------------------P_CPTJ2010_AEnPrdO2Batch_20260216222306_12722.log  -----------
--------------------P_CPTJ2010_AEnPrdO2Batch_20260218010534_22673.log  -----------
--------------------P_CPTJ2010_AEnPrdO2Batch_20260218220833_23509.log  -----------
--------------------P_CPTJ2010_AEnPrdO2Batch_20260219215804_12747.log  -----------
--------------------P_CPTJ2010_AEnPrdO2Batch_20260221200702_16457.log  -----------
--------------------P_CPTJ2010_AEnPrdO2Batch_20260223221953_12150.log  -----------
--------------------P_CPTJ2010_AEnPrdO2Batch_20260224220348_7699.log  -----------
--------------------P_CPTJ2010_AEnPrdO2Batch_20260225221834_10860.log  -----------
--------------------P_CPTJ2010_AEnPrdO2Batch_20260226220733_12455.log  -----------
--------------------P_CPTJ2010_AEnPrdO2Batch_20260228211507_25283.log  -----------
--------------------P_CPTJ2010_AEnPrdO2Batch_20260302215854_888.log  -----------
--------------------P_CPTJ2010_AEnPrdO2Batch_20260303222853_31590.log  -----------
--------------------P_CPTJ2010_AEnPrdO2Batch_20260304221107_28681.log  -----------
--------------------P_CPTJ2010_AEnPrdO2Batch_20260305220105_22140.log  -----------
--------------------P_CPTJ2010_AEnPrdO2Batch_20260306220029_574.log  -----------
--------------------P_CPTJ2010_AEnPrdO2Batch_20260307200049_19821.log  -----------
--------------------P_CPTJ2010_AEnPrdO2Batch_20260309215606_15657.log  -----------
--------------------P_CPTJ2010_AEnPrdO2Batch_20260310224804_32357.log  -----------
--------------------P_CPTJ2010_AEnPrdO2Batch_20260311215440_9187.log  -----------
--------------------P_CPTJ2010_AEnPrdO2Batch_20260312215544_16069.log  -----------
--------------------P_CPTJ2010_AEnPrdO2Batch_20260314201043_18557.log  -----------
--------------------P_CPTJ2010_AEnPrdO2Batch_20260316221247_28997.log  -----------
--------------------P_CPTJ3000_AEnPrdO2Batch_20260216210652_7692.log  -----------
--------------------P_CPTJ3000_AEnPrdO2Batch_20260217221441_14343.log  -----------
--------------------P_CPTJ3000_AEnPrdO2Batch_20260218210018_11583.log  -----------
--------------------P_CPTJ3000_AEnPrdO2Batch_20260219210018_30897.log  -----------
--------------------P_CPTJ3000_AEnPrdO2Batch_20260221190211_15943.log  -----------
--------------------P_CPTJ3000_AEnPrdO2Batch_20260223210307_10856.log  -----------
--------------------P_CPTJ3000_AEnPrdO2Batch_20260224210242_8447.log  -----------
--------------------P_CPTJ3000_AEnPrdO2Batch_20260225210028_31707.log  -----------
--------------------P_CPTJ3000_AEnPrdO2Batch_20260226210023_28646.log  -----------
--------------------P_CPTJ3000_AEnPrdO2Batch_20260228190248_23852.log  -----------
--------------------P_CPTJ3000_AEnPrdO2Batch_20260302210237_7772.log  -----------
--------------------P_CPTJ3000_AEnPrdO2Batch_20260303210118_31220.log  -----------
--------------------P_CPTJ3000_AEnPrdO2Batch_20260304210051_10076.log  -----------
--------------------P_CPTJ3000_AEnPrdO2Batch_20260305210020_21288.log  -----------
--------------------P_CPTJ3000_AEnPrdO2Batch_20260306210126_19361.log  -----------
--------------------P_CPTJ3000_AEnPrdO2Batch_20260307190120_23977.log  -----------
--------------------P_CPTJ3000_AEnPrdO2Batch_20260309210248_30592.log  -----------
--------------------P_CPTJ3000_AEnPrdO2Batch_20260310212232_29320.log  -----------
--------------------P_CPTJ3000_AEnPrdO2Batch_20260311210027_23189.log  -----------
--------------------P_CPTJ3000_AEnPrdO2Batch_20260312210022_30833.log  -----------
--------------------P_CPTJ3000_AEnPrdO2Batch_20260314190141_26307.log  -----------
--------------------P_CPTJ3000_AEnPrdO2Batch_20260316210215_15498.log  -----------
--------------------P_CPTM1010_AEnPrdO2Batch_20260216212329_30220.log  -----------
--------------------P_CPTM1010_AEnPrdO2Batch_20260217230701_32376.log  -----------
--------------------P_CPTM1010_AEnPrdO2Batch_20260218211558_13549.log  -----------
--------------------P_CPTM1010_AEnPrdO2Batch_20260219211430_7500.log  -----------
--------------------P_CPTM1010_AEnPrdO2Batch_20260221191631_24159.log  -----------
--------------------P_CPTM1010_AEnPrdO2Batch_20260223211823_25005.log  -----------
--------------------P_CPTM1010_AEnPrdO2Batch_20260224211700_22165.log  -----------
--------------------P_CPTM1010_AEnPrdO2Batch_20260225211902_12241.log  -----------
--------------------P_CPTM1010_AEnPrdO2Batch_20260226211921_7062.log  -----------
--------------------P_CPTM1010_AEnPrdO2Batch_20260228192142_756.log  -----------
--------------------P_CPTM1010_AEnPrdO2Batch_20260302211814_15201.log  -----------
--------------------P_CPTM1010_AEnPrdO2Batch_20260303213216_25214.log  -----------
--------------------P_CPTM1010_AEnPrdO2Batch_20260304211508_19351.log  -----------
--------------------P_CPTM1010_AEnPrdO2Batch_20260305211428_32292.log  -----------
--------------------P_CPTM1010_AEnPrdO2Batch_20260306211749_12524.log  -----------
--------------------P_CPTM1010_AEnPrdO2Batch_20260307191539_29344.log  -----------
--------------------P_CPTM1010_AEnPrdO2Batch_20260309211624_431.log  -----------
--------------------P_CPTM1010_AEnPrdO2Batch_20260310214929_11449.log  -----------
--------------------P_CPTM1010_AEnPrdO2Batch_20260311211357_23824.log  -----------
--------------------P_CPTM1010_AEnPrdO2Batch_20260312211358_28008.log  -----------
--------------------P_CPTM1010_AEnPrdO2Batch_20260314191415_15410.log  -----------
--------------------P_CPTM1010_AEnPrdO2Batch_20260316212834_2768.log  -----------
--------------------P_CPTM1440_AEnPrdO2Batch_20260216223802_25446.log  -----------
--------------------P_CPTM1440_AEnPrdO2Batch_20260216224001_21249.log  -----------
--------------------P_CPTM1440_AEnPrdO2Batch_20260218010737_18588.log  -----------
